<?xml version="1.0" encoding="UTF-8"?>
<!-- Generated by org.testng.reporters.JUnitReportReporter -->
<testsuite skipped="0" hostname="RPATTAN-PC" name="Maven.Mavendummyproject.ManualTest" tests="1" failures="0" timestamp="2020-12-16T14:55:16 IST" time="0.012" errors="0">
  <testcase name="firsttestcase" time="0.012" classname="Maven.Mavendummyproject.ManualTest"/>
  <system-out/>
</testsuite> <!-- Maven.Mavendummyproject.ManualTest -->
